The system is: Linux - 5.0.0-23-generic - x86_64
Compiling the C compiler identification source file "CMakeCCompilerId.c" succeeded.
Compiler: /usr/bin/cc 
Build flags: 
Id flags:  

The output was:
0


Compilation of the C compiler identification source "CMakeCCompilerId.c" produced "a.out"

The C compiler identification is GNU, found in "/home/sehyun/GEMS_python/install/custom_builds/eccodes/build/CMakeFiles/3.10.2/CompilerIdC/a.out"

Determining if the C compiler works passed with the following output:
Change Dir: /home/sehyun/GEMS_python/install/custom_builds/eccodes/build/CMakeFiles/CMakeTmp

Run Build Command:"/usr/bin/make" "cmTC_7bbd3/fast"
/usr/bin/make -f CMakeFiles/cmTC_7bbd3.dir/build.make CMakeFiles/cmTC_7bbd3.dir/build
make[1]: Entering directory '/home/sehyun/GEMS_python/install/custom_builds/eccodes/build/CMakeFiles/CMakeTmp'
Building C object CMakeFiles/cmTC_7bbd3.dir/testCCompiler.c.o
/usr/bin/cc    -o CMakeFiles/cmTC_7bbd3.dir/testCCompiler.c.o   -c /home/sehyun/GEMS_python/install/custom_builds/eccodes/build/CMakeFiles/CMakeTmp/testCCompiler.c
Linking C executable cmTC_7bbd3
/usr/bin/cmake -E cmake_link_script CMakeFiles/cmTC_7bbd3.dir/link.txt --verbose=1
/usr/bin/cc      CMakeFiles/cmTC_7bbd3.dir/testCCompiler.c.o  -o cmTC_7bbd3 
make[1]: Leaving directory '/home/sehyun/GEMS_python/install/custom_builds/eccodes/build/CMakeFiles/CMakeTmp'


Detecting C compiler ABI info compiled with the following output:
Change Dir: /home/sehyun/GEMS_python/install/custom_builds/eccodes/build/CMakeFiles/CMakeTmp

Run Build Command:"/usr/bin/make" "cmTC_30243/fast"
/usr/bin/make -f CMakeFiles/cmTC_30243.dir/build.make CMakeFiles/cmTC_30243.dir/build
make[1]: Entering directory '/home/sehyun/GEMS_python/install/custom_builds/eccodes/build/CMakeFiles/CMakeTmp'
Building C object CMakeFiles/cmTC_30243.dir/CMakeCCompilerABI.c.o
/usr/bin/cc    -o CMakeFiles/cmTC_30243.dir/CMakeCCompilerABI.c.o   -c /usr/share/cmake-3.10/Modules/CMakeCCompilerABI.c
Linking C executable cmTC_30243
/usr/bin/cmake -E cmake_link_script CMakeFiles/cmTC_30243.dir/link.txt --verbose=1
/usr/bin/cc     -v CMakeFiles/cmTC_30243.dir/CMakeCCompilerABI.c.o  -o cmTC_30243 
Using built-in specs.
COLLECT_GCC=/usr/bin/cc
COLLECT_LTO_WRAPPER=/usr/lib/gcc/x86_64-linux-gnu/7/lto-wrapper
OFFLOAD_TARGET_NAMES=nvptx-none
OFFLOAD_TARGET_DEFAULT=1
Target: x86_64-linux-gnu
Configured with: ../src/configure -v --with-pkgversion='Ubuntu 7.4.0-1ubuntu1~18.04.1' --with-bugurl=file:///usr/share/doc/gcc-7/README.Bugs --enable-languages=c,ada,c++,go,brig,d,fortran,objc,obj-c++ --prefix=/usr --with-gcc-major-version-only --program-suffix=-7 --program-prefix=x86_64-linux-gnu- --enable-shared --enable-linker-build-id --libexecdir=/usr/lib --without-included-gettext --enable-threads=posix --libdir=/usr/lib --enable-nls --with-sysroot=/ --enable-clocale=gnu --enable-libstdcxx-debug --enable-libstdcxx-time=yes --with-default-libstdcxx-abi=new --enable-gnu-unique-object --disable-vtable-verify --enable-libmpx --enable-plugin --enable-default-pie --with-system-zlib --with-target-system-zlib --enable-objc-gc=auto --enable-multiarch --disable-werror --with-arch-32=i686 --with-abi=m64 --with-multilib-list=m32,m64,mx32 --enable-multilib --with-tune=generic --enable-offload-targets=nvptx-none --without-cuda-driver --enable-checking=release --build=x86_64-linux-gnu --host=x86_64-linux-gnu --target=x86_64-linux-gnu
Thread model: posix
gcc version 7.4.0 (Ubuntu 7.4.0-1ubuntu1~18.04.1) 
COMPILER_PATH=/usr/lib/gcc/x86_64-linux-gnu/7/:/usr/lib/gcc/x86_64-linux-gnu/7/:/usr/lib/gcc/x86_64-linux-gnu/:/usr/lib/gcc/x86_64-linux-gnu/7/:/usr/lib/gcc/x86_64-linux-gnu/
LIBRARY_PATH=/usr/lib/gcc/x86_64-linux-gnu/7/:/usr/lib/gcc/x86_64-linux-gnu/7/../../../x86_64-linux-gnu/:/usr/lib/gcc/x86_64-linux-gnu/7/../../../../lib/:/lib/x86_64-linux-gnu/:/lib/../lib/:/usr/lib/x86_64-linux-gnu/:/usr/lib/../lib/:/usr/lib/gcc/x86_64-linux-gnu/7/../../../:/lib/:/usr/lib/
COLLECT_GCC_OPTIONS='-v' '-o' 'cmTC_30243' '-mtune=generic' '-march=x86-64'
 /usr/lib/gcc/x86_64-linux-gnu/7/collect2 -plugin /usr/lib/gcc/x86_64-linux-gnu/7/liblto_plugin.so -plugin-opt=/usr/lib/gcc/x86_64-linux-gnu/7/lto-wrapper -plugin-opt=-fresolution=/tmp/ccx5kocG.res -plugin-opt=-pass-through=-lgcc -plugin-opt=-pass-through=-lgcc_s -plugin-opt=-pass-through=-lc -plugin-opt=-pass-through=-lgcc -plugin-opt=-pass-through=-lgcc_s --sysroot=/ --build-id --eh-frame-hdr -m elf_x86_64 --hash-style=gnu --as-needed -dynamic-linker /lib64/ld-linux-x86-64.so.2 -pie -z now -z relro -o cmTC_30243 /usr/lib/gcc/x86_64-linux-gnu/7/../../../x86_64-linux-gnu/Scrt1.o /usr/lib/gcc/x86_64-linux-gnu/7/../../../x86_64-linux-gnu/crti.o /usr/lib/gcc/x86_64-linux-gnu/7/crtbeginS.o -L/usr/lib/gcc/x86_64-linux-gnu/7 -L/usr/lib/gcc/x86_64-linux-gnu/7/../../../x86_64-linux-gnu -L/usr/lib/gcc/x86_64-linux-gnu/7/../../../../lib -L/lib/x86_64-linux-gnu -L/lib/../lib -L/usr/lib/x86_64-linux-gnu -L/usr/lib/../lib -L/usr/lib/gcc/x86_64-linux-gnu/7/../../.. CMakeFiles/cmTC_30243.dir/CMakeCCompilerABI.c.o -lgcc --push-state --as-needed -lgcc_s --pop-state -lc -lgcc --push-state --as-needed -lgcc_s --pop-state /usr/lib/gcc/x86_64-linux-gnu/7/crtendS.o /usr/lib/gcc/x86_64-linux-gnu/7/../../../x86_64-linux-gnu/crtn.o
COLLECT_GCC_OPTIONS='-v' '-o' 'cmTC_30243' '-mtune=generic' '-march=x86-64'
make[1]: Leaving directory '/home/sehyun/GEMS_python/install/custom_builds/eccodes/build/CMakeFiles/CMakeTmp'


Parsed C implicit link information from above output:
  link line regex: [^( *|.*[/\])(ld|CMAKE_LINK_STARTFILE-NOTFOUND|([^/\]+-)?ld|collect2)[^/\]*( |$)]
  ignore line: [Change Dir: /home/sehyun/GEMS_python/install/custom_builds/eccodes/build/CMakeFiles/CMakeTmp]
  ignore line: []
  ignore line: [Run Build Command:"/usr/bin/make" "cmTC_30243/fast"]
  ignore line: [/usr/bin/make -f CMakeFiles/cmTC_30243.dir/build.make CMakeFiles/cmTC_30243.dir/build]
  ignore line: [make[1]: Entering directory '/home/sehyun/GEMS_python/install/custom_builds/eccodes/build/CMakeFiles/CMakeTmp']
  ignore line: [Building C object CMakeFiles/cmTC_30243.dir/CMakeCCompilerABI.c.o]
  ignore line: [/usr/bin/cc    -o CMakeFiles/cmTC_30243.dir/CMakeCCompilerABI.c.o   -c /usr/share/cmake-3.10/Modules/CMakeCCompilerABI.c]
  ignore line: [Linking C executable cmTC_30243]
  ignore line: [/usr/bin/cmake -E cmake_link_script CMakeFiles/cmTC_30243.dir/link.txt --verbose=1]
  ignore line: [/usr/bin/cc     -v CMakeFiles/cmTC_30243.dir/CMakeCCompilerABI.c.o  -o cmTC_30243 ]
  ignore line: [Using built-in specs.]
  ignore line: [COLLECT_GCC=/usr/bin/cc]
  ignore line: [COLLECT_LTO_WRAPPER=/usr/lib/gcc/x86_64-linux-gnu/7/lto-wrapper]
  ignore line: [OFFLOAD_TARGET_NAMES=nvptx-none]
  ignore line: [OFFLOAD_TARGET_DEFAULT=1]
  ignore line: [Target: x86_64-linux-gnu]
  ignore line: [Configured with: ../src/configure -v --with-pkgversion='Ubuntu 7.4.0-1ubuntu1~18.04.1' --with-bugurl=file:///usr/share/doc/gcc-7/README.Bugs --enable-languages=c,ada,c++,go,brig,d,fortran,objc,obj-c++ --prefix=/usr --with-gcc-major-version-only --program-suffix=-7 --program-prefix=x86_64-linux-gnu- --enable-shared --enable-linker-build-id --libexecdir=/usr/lib --without-included-gettext --enable-threads=posix --libdir=/usr/lib --enable-nls --with-sysroot=/ --enable-clocale=gnu --enable-libstdcxx-debug --enable-libstdcxx-time=yes --with-default-libstdcxx-abi=new --enable-gnu-unique-object --disable-vtable-verify --enable-libmpx --enable-plugin --enable-default-pie --with-system-zlib --with-target-system-zlib --enable-objc-gc=auto --enable-multiarch --disable-werror --with-arch-32=i686 --with-abi=m64 --with-multilib-list=m32,m64,mx32 --enable-multilib --with-tune=generic --enable-offload-targets=nvptx-none --without-cuda-driver --enable-checking=release --build=x86_64-linux-gnu --host=x86_64-linux-gnu --target=x86_64-linux-gnu]
  ignore line: [Thread model: posix]
  ignore line: [gcc version 7.4.0 (Ubuntu 7.4.0-1ubuntu1~18.04.1) ]
  ignore line: [COMPILER_PATH=/usr/lib/gcc/x86_64-linux-gnu/7/:/usr/lib/gcc/x86_64-linux-gnu/7/:/usr/lib/gcc/x86_64-linux-gnu/:/usr/lib/gcc/x86_64-linux-gnu/7/:/usr/lib/gcc/x86_64-linux-gnu/]
  ignore line: [LIBRARY_PATH=/usr/lib/gcc/x86_64-linux-gnu/7/:/usr/lib/gcc/x86_64-linux-gnu/7/../../../x86_64-linux-gnu/:/usr/lib/gcc/x86_64-linux-gnu/7/../../../../lib/:/lib/x86_64-linux-gnu/:/lib/../lib/:/usr/lib/x86_64-linux-gnu/:/usr/lib/../lib/:/usr/lib/gcc/x86_64-linux-gnu/7/../../../:/lib/:/usr/lib/]
  ignore line: [COLLECT_GCC_OPTIONS='-v' '-o' 'cmTC_30243' '-mtune=generic' '-march=x86-64']
  link line: [ /usr/lib/gcc/x86_64-linux-gnu/7/collect2 -plugin /usr/lib/gcc/x86_64-linux-gnu/7/liblto_plugin.so -plugin-opt=/usr/lib/gcc/x86_64-linux-gnu/7/lto-wrapper -plugin-opt=-fresolution=/tmp/ccx5kocG.res -plugin-opt=-pass-through=-lgcc -plugin-opt=-pass-through=-lgcc_s -plugin-opt=-pass-through=-lc -plugin-opt=-pass-through=-lgcc -plugin-opt=-pass-through=-lgcc_s --sysroot=/ --build-id --eh-frame-hdr -m elf_x86_64 --hash-style=gnu --as-needed -dynamic-linker /lib64/ld-linux-x86-64.so.2 -pie -z now -z relro -o cmTC_30243 /usr/lib/gcc/x86_64-linux-gnu/7/../../../x86_64-linux-gnu/Scrt1.o /usr/lib/gcc/x86_64-linux-gnu/7/../../../x86_64-linux-gnu/crti.o /usr/lib/gcc/x86_64-linux-gnu/7/crtbeginS.o -L/usr/lib/gcc/x86_64-linux-gnu/7 -L/usr/lib/gcc/x86_64-linux-gnu/7/../../../x86_64-linux-gnu -L/usr/lib/gcc/x86_64-linux-gnu/7/../../../../lib -L/lib/x86_64-linux-gnu -L/lib/../lib -L/usr/lib/x86_64-linux-gnu -L/usr/lib/../lib -L/usr/lib/gcc/x86_64-linux-gnu/7/../../.. CMakeFiles/cmTC_30243.dir/CMakeCCompilerABI.c.o -lgcc --push-state --as-needed -lgcc_s --pop-state -lc -lgcc --push-state --as-needed -lgcc_s --pop-state /usr/lib/gcc/x86_64-linux-gnu/7/crtendS.o /usr/lib/gcc/x86_64-linux-gnu/7/../../../x86_64-linux-gnu/crtn.o]
    arg [/usr/lib/gcc/x86_64-linux-gnu/7/collect2] ==> ignore
    arg [-plugin] ==> ignore
    arg [/usr/lib/gcc/x86_64-linux-gnu/7/liblto_plugin.so] ==> ignore
    arg [-plugin-opt=/usr/lib/gcc/x86_64-linux-gnu/7/lto-wrapper] ==> ignore
    arg [-plugin-opt=-fresolution=/tmp/ccx5kocG.res] ==> ignore
    arg [-plugin-opt=-pass-through=-lgcc] ==> ignore
    arg [-plugin-opt=-pass-through=-lgcc_s] ==> ignore
    arg [-plugin-opt=-pass-through=-lc] ==> ignore
    arg [-plugin-opt=-pass-through=-lgcc] ==> ignore
    arg [-plugin-opt=-pass-through=-lgcc_s] ==> ignore
    arg [--sysroot=/] ==> ignore
    arg [--build-id] ==> ignore
    arg [--eh-frame-hdr] ==> ignore
    arg [-m] ==> ignore
    arg [elf_x86_64] ==> ignore
    arg [--hash-style=gnu] ==> ignore
    arg [--as-needed] ==> ignore
    arg [-dynamic-linker] ==> ignore
    arg [/lib64/ld-linux-x86-64.so.2] ==> ignore
    arg [-pie] ==> ignore
    arg [-znow] ==> ignore
    arg [-zrelro] ==> ignore
    arg [-o] ==> ignore
    arg [cmTC_30243] ==> ignore
    arg [/usr/lib/gcc/x86_64-linux-gnu/7/../../../x86_64-linux-gnu/Scrt1.o] ==> ignore
    arg [/usr/lib/gcc/x86_64-linux-gnu/7/../../../x86_64-linux-gnu/crti.o] ==> ignore
    arg [/usr/lib/gcc/x86_64-linux-gnu/7/crtbeginS.o] ==> ignore
    arg [-L/usr/lib/gcc/x86_64-linux-gnu/7] ==> dir [/usr/lib/gcc/x86_64-linux-gnu/7]
    arg [-L/usr/lib/gcc/x86_64-linux-gnu/7/../../../x86_64-linux-gnu] ==> dir [/usr/lib/gcc/x86_64-linux-gnu/7/../../../x86_64-linux-gnu]
    arg [-L/usr/lib/gcc/x86_64-linux-gnu/7/../../../../lib] ==> dir [/usr/lib/gcc/x86_64-linux-gnu/7/../../../../lib]
    arg [-L/lib/x86_64-linux-gnu] ==> dir [/lib/x86_64-linux-gnu]
    arg [-L/lib/../lib] ==> dir [/lib/../lib]
    arg [-L/usr/lib/x86_64-linux-gnu] ==> dir [/usr/lib/x86_64-linux-gnu]
    arg [-L/usr/lib/../lib] ==> dir [/usr/lib/../lib]
    arg [-L/usr/lib/gcc/x86_64-linux-gnu/7/../../..] ==> dir [/usr/lib/gcc/x86_64-linux-gnu/7/../../..]
    arg [CMakeFiles/cmTC_30243.dir/CMakeCCompilerABI.c.o] ==> ignore
    arg [-lgcc] ==> lib [gcc]
    arg [--push-state] ==> ignore
    arg [--as-needed] ==> ignore
    arg [-lgcc_s] ==> lib [gcc_s]
    arg [--pop-state] ==> ignore
    arg [-lc] ==> lib [c]
    arg [-lgcc] ==> lib [gcc]
    arg [--push-state] ==> ignore
    arg [--as-needed] ==> ignore
    arg [-lgcc_s] ==> lib [gcc_s]
    arg [--pop-state] ==> ignore
    arg [/usr/lib/gcc/x86_64-linux-gnu/7/crtendS.o] ==> ignore
    arg [/usr/lib/gcc/x86_64-linux-gnu/7/../../../x86_64-linux-gnu/crtn.o] ==> ignore
  collapse library dir [/usr/lib/gcc/x86_64-linux-gnu/7] ==> [/usr/lib/gcc/x86_64-linux-gnu/7]
  collapse library dir [/usr/lib/gcc/x86_64-linux-gnu/7/../../../x86_64-linux-gnu] ==> [/usr/lib/x86_64-linux-gnu]
  collapse library dir [/usr/lib/gcc/x86_64-linux-gnu/7/../../../../lib] ==> [/usr/lib]
  collapse library dir [/lib/x86_64-linux-gnu] ==> [/lib/x86_64-linux-gnu]
  collapse library dir [/lib/../lib] ==> [/lib]
  collapse library dir [/usr/lib/x86_64-linux-gnu] ==> [/usr/lib/x86_64-linux-gnu]
  collapse library dir [/usr/lib/../lib] ==> [/usr/lib]
  collapse library dir [/usr/lib/gcc/x86_64-linux-gnu/7/../../..] ==> [/usr/lib]
  implicit libs: [gcc;gcc_s;c;gcc;gcc_s]
  implicit dirs: [/usr/lib/gcc/x86_64-linux-gnu/7;/usr/lib/x86_64-linux-gnu;/usr/lib;/lib/x86_64-linux-gnu;/lib]
  implicit fwks: []




Detecting C [-std=c11] compiler features compiled with the following output:
Change Dir: /home/sehyun/GEMS_python/install/custom_builds/eccodes/build/CMakeFiles/CMakeTmp

Run Build Command:"/usr/bin/make" "cmTC_8a9a9/fast"
/usr/bin/make -f CMakeFiles/cmTC_8a9a9.dir/build.make CMakeFiles/cmTC_8a9a9.dir/build
make[1]: Entering directory '/home/sehyun/GEMS_python/install/custom_builds/eccodes/build/CMakeFiles/CMakeTmp'
Building C object CMakeFiles/cmTC_8a9a9.dir/feature_tests.c.o
/usr/bin/cc   -std=c11 -o CMakeFiles/cmTC_8a9a9.dir/feature_tests.c.o   -c /home/sehyun/GEMS_python/install/custom_builds/eccodes/build/CMakeFiles/feature_tests.c
Linking C executable cmTC_8a9a9
/usr/bin/cmake -E cmake_link_script CMakeFiles/cmTC_8a9a9.dir/link.txt --verbose=1
/usr/bin/cc      CMakeFiles/cmTC_8a9a9.dir/feature_tests.c.o  -o cmTC_8a9a9 
make[1]: Leaving directory '/home/sehyun/GEMS_python/install/custom_builds/eccodes/build/CMakeFiles/CMakeTmp'


    Feature record: C_FEATURE:1c_function_prototypes
    Feature record: C_FEATURE:1c_restrict
    Feature record: C_FEATURE:1c_static_assert
    Feature record: C_FEATURE:1c_variadic_macros


Detecting C [-std=c99] compiler features compiled with the following output:
Change Dir: /home/sehyun/GEMS_python/install/custom_builds/eccodes/build/CMakeFiles/CMakeTmp

Run Build Command:"/usr/bin/make" "cmTC_8fb34/fast"
/usr/bin/make -f CMakeFiles/cmTC_8fb34.dir/build.make CMakeFiles/cmTC_8fb34.dir/build
make[1]: Entering directory '/home/sehyun/GEMS_python/install/custom_builds/eccodes/build/CMakeFiles/CMakeTmp'
Building C object CMakeFiles/cmTC_8fb34.dir/feature_tests.c.o
/usr/bin/cc   -std=c99 -o CMakeFiles/cmTC_8fb34.dir/feature_tests.c.o   -c /home/sehyun/GEMS_python/install/custom_builds/eccodes/build/CMakeFiles/feature_tests.c
Linking C executable cmTC_8fb34
/usr/bin/cmake -E cmake_link_script CMakeFiles/cmTC_8fb34.dir/link.txt --verbose=1
/usr/bin/cc      CMakeFiles/cmTC_8fb34.dir/feature_tests.c.o  -o cmTC_8fb34 
make[1]: Leaving directory '/home/sehyun/GEMS_python/install/custom_builds/eccodes/build/CMakeFiles/CMakeTmp'


    Feature record: C_FEATURE:1c_function_prototypes
    Feature record: C_FEATURE:1c_restrict
    Feature record: C_FEATURE:0c_static_assert
    Feature record: C_FEATURE:1c_variadic_macros


Detecting C [-std=c90] compiler features compiled with the following output:
Change Dir: /home/sehyun/GEMS_python/install/custom_builds/eccodes/build/CMakeFiles/CMakeTmp

Run Build Command:"/usr/bin/make" "cmTC_3143d/fast"
/usr/bin/make -f CMakeFiles/cmTC_3143d.dir/build.make CMakeFiles/cmTC_3143d.dir/build
make[1]: Entering directory '/home/sehyun/GEMS_python/install/custom_builds/eccodes/build/CMakeFiles/CMakeTmp'
Building C object CMakeFiles/cmTC_3143d.dir/feature_tests.c.o
/usr/bin/cc   -std=c90 -o CMakeFiles/cmTC_3143d.dir/feature_tests.c.o   -c /home/sehyun/GEMS_python/install/custom_builds/eccodes/build/CMakeFiles/feature_tests.c
Linking C executable cmTC_3143d
/usr/bin/cmake -E cmake_link_script CMakeFiles/cmTC_3143d.dir/link.txt --verbose=1
/usr/bin/cc      CMakeFiles/cmTC_3143d.dir/feature_tests.c.o  -o cmTC_3143d 
make[1]: Leaving directory '/home/sehyun/GEMS_python/install/custom_builds/eccodes/build/CMakeFiles/CMakeTmp'


    Feature record: C_FEATURE:1c_function_prototypes
    Feature record: C_FEATURE:0c_restrict
    Feature record: C_FEATURE:0c_static_assert
    Feature record: C_FEATURE:0c_variadic_macros
Performing C SOURCE FILE Test C_FLAG_TEST_1 succeeded with the following output:
Change Dir: /home/sehyun/GEMS_python/install/custom_builds/eccodes/build/CMakeFiles/CMakeTmp

Run Build Command:"/usr/bin/make" "cmTC_a7187/fast"
/usr/bin/make -f CMakeFiles/cmTC_a7187.dir/build.make CMakeFiles/cmTC_a7187.dir/build
make[1]: Entering directory '/home/sehyun/GEMS_python/install/custom_builds/eccodes/build/CMakeFiles/CMakeTmp'
Building C object CMakeFiles/cmTC_a7187.dir/src.c.o
/usr/bin/cc   -DC_FLAG_TEST_1   -pipe -o CMakeFiles/cmTC_a7187.dir/src.c.o   -c /home/sehyun/GEMS_python/install/custom_builds/eccodes/build/CMakeFiles/CMakeTmp/src.c
Linking C executable cmTC_a7187
/usr/bin/cmake -E cmake_link_script CMakeFiles/cmTC_a7187.dir/link.txt --verbose=1
/usr/bin/cc  -DC_FLAG_TEST_1    CMakeFiles/cmTC_a7187.dir/src.c.o  -o cmTC_a7187 
make[1]: Leaving directory '/home/sehyun/GEMS_python/install/custom_builds/eccodes/build/CMakeFiles/CMakeTmp'

Source file was:
int main(void) { return 0; }
Determining if the include file sys/types.h exists passed with the following output:
Change Dir: /home/sehyun/GEMS_python/install/custom_builds/eccodes/build/CMakeFiles/CMakeTmp

Run Build Command:"/usr/bin/make" "cmTC_752f0/fast"
/usr/bin/make -f CMakeFiles/cmTC_752f0.dir/build.make CMakeFiles/cmTC_752f0.dir/build
make[1]: Entering directory '/home/sehyun/GEMS_python/install/custom_builds/eccodes/build/CMakeFiles/CMakeTmp'
Building C object CMakeFiles/cmTC_752f0.dir/CheckIncludeFile.c.o
/usr/bin/cc   -pipe    -o CMakeFiles/cmTC_752f0.dir/CheckIncludeFile.c.o   -c /home/sehyun/GEMS_python/install/custom_builds/eccodes/build/CMakeFiles/CMakeTmp/CheckIncludeFile.c
Linking C executable cmTC_752f0
/usr/bin/cmake -E cmake_link_script CMakeFiles/cmTC_752f0.dir/link.txt --verbose=1
/usr/bin/cc  -pipe     CMakeFiles/cmTC_752f0.dir/CheckIncludeFile.c.o  -o cmTC_752f0 
make[1]: Leaving directory '/home/sehyun/GEMS_python/install/custom_builds/eccodes/build/CMakeFiles/CMakeTmp'


Determining if the include file stdint.h exists passed with the following output:
Change Dir: /home/sehyun/GEMS_python/install/custom_builds/eccodes/build/CMakeFiles/CMakeTmp

Run Build Command:"/usr/bin/make" "cmTC_d1d14/fast"
/usr/bin/make -f CMakeFiles/cmTC_d1d14.dir/build.make CMakeFiles/cmTC_d1d14.dir/build
make[1]: Entering directory '/home/sehyun/GEMS_python/install/custom_builds/eccodes/build/CMakeFiles/CMakeTmp'
Building C object CMakeFiles/cmTC_d1d14.dir/CheckIncludeFile.c.o
/usr/bin/cc   -pipe    -o CMakeFiles/cmTC_d1d14.dir/CheckIncludeFile.c.o   -c /home/sehyun/GEMS_python/install/custom_builds/eccodes/build/CMakeFiles/CMakeTmp/CheckIncludeFile.c
Linking C executable cmTC_d1d14
/usr/bin/cmake -E cmake_link_script CMakeFiles/cmTC_d1d14.dir/link.txt --verbose=1
/usr/bin/cc  -pipe     CMakeFiles/cmTC_d1d14.dir/CheckIncludeFile.c.o  -o cmTC_d1d14 
make[1]: Leaving directory '/home/sehyun/GEMS_python/install/custom_builds/eccodes/build/CMakeFiles/CMakeTmp'


Determining if the include file stddef.h exists passed with the following output:
Change Dir: /home/sehyun/GEMS_python/install/custom_builds/eccodes/build/CMakeFiles/CMakeTmp

Run Build Command:"/usr/bin/make" "cmTC_06701/fast"
/usr/bin/make -f CMakeFiles/cmTC_06701.dir/build.make CMakeFiles/cmTC_06701.dir/build
make[1]: Entering directory '/home/sehyun/GEMS_python/install/custom_builds/eccodes/build/CMakeFiles/CMakeTmp'
Building C object CMakeFiles/cmTC_06701.dir/CheckIncludeFile.c.o
/usr/bin/cc   -pipe    -o CMakeFiles/cmTC_06701.dir/CheckIncludeFile.c.o   -c /home/sehyun/GEMS_python/install/custom_builds/eccodes/build/CMakeFiles/CMakeTmp/CheckIncludeFile.c
Linking C executable cmTC_06701
/usr/bin/cmake -E cmake_link_script CMakeFiles/cmTC_06701.dir/link.txt --verbose=1
/usr/bin/cc  -pipe     CMakeFiles/cmTC_06701.dir/CheckIncludeFile.c.o  -o cmTC_06701 
make[1]: Leaving directory '/home/sehyun/GEMS_python/install/custom_builds/eccodes/build/CMakeFiles/CMakeTmp'


Determining size of void* passed with the following output:
Change Dir: /home/sehyun/GEMS_python/install/custom_builds/eccodes/build/CMakeFiles/CMakeTmp

Run Build Command:"/usr/bin/make" "cmTC_62b4a/fast"
/usr/bin/make -f CMakeFiles/cmTC_62b4a.dir/build.make CMakeFiles/cmTC_62b4a.dir/build
make[1]: Entering directory '/home/sehyun/GEMS_python/install/custom_builds/eccodes/build/CMakeFiles/CMakeTmp'
Building C object CMakeFiles/cmTC_62b4a.dir/CMAKE_SIZEOF_VOID_P.c.o
/usr/bin/cc   -pipe    -o CMakeFiles/cmTC_62b4a.dir/CMAKE_SIZEOF_VOID_P.c.o   -c /home/sehyun/GEMS_python/install/custom_builds/eccodes/build/CMakeFiles/CheckTypeSize/CMAKE_SIZEOF_VOID_P.c
Linking C executable cmTC_62b4a
/usr/bin/cmake -E cmake_link_script CMakeFiles/cmTC_62b4a.dir/link.txt --verbose=1
/usr/bin/cc  -pipe     CMakeFiles/cmTC_62b4a.dir/CMAKE_SIZEOF_VOID_P.c.o  -o cmTC_62b4a 
make[1]: Leaving directory '/home/sehyun/GEMS_python/install/custom_builds/eccodes/build/CMakeFiles/CMakeTmp'


Determining size of unsigned short passed with the following output:
Change Dir: /home/sehyun/GEMS_python/install/custom_builds/eccodes/build/CMakeFiles/CMakeTmp

Run Build Command:"/usr/bin/make" "cmTC_3477d/fast"
/usr/bin/make -f CMakeFiles/cmTC_3477d.dir/build.make CMakeFiles/cmTC_3477d.dir/build
make[1]: Entering directory '/home/sehyun/GEMS_python/install/custom_builds/eccodes/build/CMakeFiles/CMakeTmp'
Building C object CMakeFiles/cmTC_3477d.dir/CMAKE_SIZEOF_UNSIGNED_SHORT.c.o
/usr/bin/cc   -pipe    -o CMakeFiles/cmTC_3477d.dir/CMAKE_SIZEOF_UNSIGNED_SHORT.c.o   -c /home/sehyun/GEMS_python/install/custom_builds/eccodes/build/CMakeFiles/CheckTypeSize/CMAKE_SIZEOF_UNSIGNED_SHORT.c
Linking C executable cmTC_3477d
/usr/bin/cmake -E cmake_link_script CMakeFiles/cmTC_3477d.dir/link.txt --verbose=1
/usr/bin/cc  -pipe     CMakeFiles/cmTC_3477d.dir/CMAKE_SIZEOF_UNSIGNED_SHORT.c.o  -o cmTC_3477d 
make[1]: Leaving directory '/home/sehyun/GEMS_python/install/custom_builds/eccodes/build/CMakeFiles/CMakeTmp'


Determining if the system is big endian passed with the following output:
Change Dir: /home/sehyun/GEMS_python/install/custom_builds/eccodes/build/CMakeFiles/CMakeTmp

Run Build Command:"/usr/bin/make" "cmTC_f9228/fast"
/usr/bin/make -f CMakeFiles/cmTC_f9228.dir/build.make CMakeFiles/cmTC_f9228.dir/build
make[1]: Entering directory '/home/sehyun/GEMS_python/install/custom_builds/eccodes/build/CMakeFiles/CMakeTmp'
Building C object CMakeFiles/cmTC_f9228.dir/TestEndianess.c.o
/usr/bin/cc   -pipe    -o CMakeFiles/cmTC_f9228.dir/TestEndianess.c.o   -c /home/sehyun/GEMS_python/install/custom_builds/eccodes/build/CMakeFiles/CMakeTmp/TestEndianess.c
Linking C executable cmTC_f9228
/usr/bin/cmake -E cmake_link_script CMakeFiles/cmTC_f9228.dir/link.txt --verbose=1
/usr/bin/cc  -pipe     CMakeFiles/cmTC_f9228.dir/TestEndianess.c.o  -o cmTC_f9228 
make[1]: Leaving directory '/home/sehyun/GEMS_python/install/custom_builds/eccodes/build/CMakeFiles/CMakeTmp'

TestEndianess.c:
/* A 16 bit integer is required. */
typedef unsigned short cmakeint16;

/* On a little endian machine, these 16bit ints will give "THIS IS LITTLE ENDIAN."
   On a big endian machine the characters will be exchanged pairwise. */
const cmakeint16 info_little[] =  {0x4854, 0x5349, 0x4920, 0x2053, 0x494c, 0x5454, 0x454c, 0x4520, 0x444e, 0x4149, 0x2e4e, 0x0000};

/* on a big endian machine, these 16bit ints will give "THIS IS BIG ENDIAN."
   On a little endian machine the characters will be exchanged pairwise. */
const cmakeint16 info_big[] =     {0x5448, 0x4953, 0x2049, 0x5320, 0x4249, 0x4720, 0x454e, 0x4449, 0x414e, 0x2e2e, 0x0000};

#ifdef __CLASSIC_C__
int main(argc, argv) int argc; char *argv[];
#else
int main(int argc, char *argv[])
#endif
{
  int require = 0;
  require += info_little[argc];
  require += info_big[argc];
  (void)argv;
  return require;
}


Determining size of off_t passed with the following output:
Change Dir: /home/sehyun/GEMS_python/install/custom_builds/eccodes/build/CMakeFiles/CMakeTmp

Run Build Command:"/usr/bin/make" "cmTC_355dc/fast"
/usr/bin/make -f CMakeFiles/cmTC_355dc.dir/build.make CMakeFiles/cmTC_355dc.dir/build
make[1]: Entering directory '/home/sehyun/GEMS_python/install/custom_builds/eccodes/build/CMakeFiles/CMakeTmp'
Building C object CMakeFiles/cmTC_355dc.dir/EC_SIZEOF_OFF_T.c.o
/usr/bin/cc   -pipe  -fPIE   -o CMakeFiles/cmTC_355dc.dir/EC_SIZEOF_OFF_T.c.o   -c /home/sehyun/GEMS_python/install/custom_builds/eccodes/build/CMakeFiles/CheckTypeSize/EC_SIZEOF_OFF_T.c
Linking C executable cmTC_355dc
/usr/bin/cmake -E cmake_link_script CMakeFiles/cmTC_355dc.dir/link.txt --verbose=1
/usr/bin/cc  -pipe     CMakeFiles/cmTC_355dc.dir/EC_SIZEOF_OFF_T.c.o  -o cmTC_355dc 
make[1]: Leaving directory '/home/sehyun/GEMS_python/install/custom_builds/eccodes/build/CMakeFiles/CMakeTmp'


Determining size of int passed with the following output:
Change Dir: /home/sehyun/GEMS_python/install/custom_builds/eccodes/build/CMakeFiles/CMakeTmp

Run Build Command:"/usr/bin/make" "cmTC_b9d1a/fast"
/usr/bin/make -f CMakeFiles/cmTC_b9d1a.dir/build.make CMakeFiles/cmTC_b9d1a.dir/build
make[1]: Entering directory '/home/sehyun/GEMS_python/install/custom_builds/eccodes/build/CMakeFiles/CMakeTmp'
Building C object CMakeFiles/cmTC_b9d1a.dir/ECCODES_SIZEOF_INT.c.o
/usr/bin/cc   -pipe  -fPIE   -o CMakeFiles/cmTC_b9d1a.dir/ECCODES_SIZEOF_INT.c.o   -c /home/sehyun/GEMS_python/install/custom_builds/eccodes/build/CMakeFiles/CheckTypeSize/ECCODES_SIZEOF_INT.c
Linking C executable cmTC_b9d1a
/usr/bin/cmake -E cmake_link_script CMakeFiles/cmTC_b9d1a.dir/link.txt --verbose=1
/usr/bin/cc  -pipe       -Wl,--disable-new-dtags  CMakeFiles/cmTC_b9d1a.dir/ECCODES_SIZEOF_INT.c.o  -o cmTC_b9d1a 
make[1]: Leaving directory '/home/sehyun/GEMS_python/install/custom_builds/eccodes/build/CMakeFiles/CMakeTmp'


Determining size of long passed with the following output:
Change Dir: /home/sehyun/GEMS_python/install/custom_builds/eccodes/build/CMakeFiles/CMakeTmp

Run Build Command:"/usr/bin/make" "cmTC_7051a/fast"
/usr/bin/make -f CMakeFiles/cmTC_7051a.dir/build.make CMakeFiles/cmTC_7051a.dir/build
make[1]: Entering directory '/home/sehyun/GEMS_python/install/custom_builds/eccodes/build/CMakeFiles/CMakeTmp'
Building C object CMakeFiles/cmTC_7051a.dir/ECCODES_SIZEOF_LONG.c.o
/usr/bin/cc   -pipe  -fPIE   -o CMakeFiles/cmTC_7051a.dir/ECCODES_SIZEOF_LONG.c.o   -c /home/sehyun/GEMS_python/install/custom_builds/eccodes/build/CMakeFiles/CheckTypeSize/ECCODES_SIZEOF_LONG.c
Linking C executable cmTC_7051a
/usr/bin/cmake -E cmake_link_script CMakeFiles/cmTC_7051a.dir/link.txt --verbose=1
/usr/bin/cc  -pipe       -Wl,--disable-new-dtags  CMakeFiles/cmTC_7051a.dir/ECCODES_SIZEOF_LONG.c.o  -o cmTC_7051a 
make[1]: Leaving directory '/home/sehyun/GEMS_python/install/custom_builds/eccodes/build/CMakeFiles/CMakeTmp'


Determining size of size_t passed with the following output:
Change Dir: /home/sehyun/GEMS_python/install/custom_builds/eccodes/build/CMakeFiles/CMakeTmp

Run Build Command:"/usr/bin/make" "cmTC_5698b/fast"
/usr/bin/make -f CMakeFiles/cmTC_5698b.dir/build.make CMakeFiles/cmTC_5698b.dir/build
make[1]: Entering directory '/home/sehyun/GEMS_python/install/custom_builds/eccodes/build/CMakeFiles/CMakeTmp'
Building C object CMakeFiles/cmTC_5698b.dir/ECCODES_SIZEOF_SIZE_T.c.o
/usr/bin/cc   -pipe  -fPIE   -o CMakeFiles/cmTC_5698b.dir/ECCODES_SIZEOF_SIZE_T.c.o   -c /home/sehyun/GEMS_python/install/custom_builds/eccodes/build/CMakeFiles/CheckTypeSize/ECCODES_SIZEOF_SIZE_T.c
Linking C executable cmTC_5698b
/usr/bin/cmake -E cmake_link_script CMakeFiles/cmTC_5698b.dir/link.txt --verbose=1
/usr/bin/cc  -pipe       -Wl,--disable-new-dtags  CMakeFiles/cmTC_5698b.dir/ECCODES_SIZEOF_SIZE_T.c.o  -o cmTC_5698b 
make[1]: Leaving directory '/home/sehyun/GEMS_python/install/custom_builds/eccodes/build/CMakeFiles/CMakeTmp'


Determining if files assert.h exist passed with the following output:
Change Dir: /home/sehyun/GEMS_python/install/custom_builds/eccodes/build/CMakeFiles/CMakeTmp

Run Build Command:"/usr/bin/make" "cmTC_cfd83/fast"
/usr/bin/make -f CMakeFiles/cmTC_cfd83.dir/build.make CMakeFiles/cmTC_cfd83.dir/build
make[1]: Entering directory '/home/sehyun/GEMS_python/install/custom_builds/eccodes/build/CMakeFiles/CMakeTmp'
Building C object CMakeFiles/cmTC_cfd83.dir/CheckIncludeFiles.c.o
/usr/bin/cc   -pipe  -fPIE   -o CMakeFiles/cmTC_cfd83.dir/CheckIncludeFiles.c.o   -c /home/sehyun/GEMS_python/install/custom_builds/eccodes/build/CMakeFiles/CMakeTmp/CheckIncludeFiles.c
Linking C executable cmTC_cfd83
/usr/bin/cmake -E cmake_link_script CMakeFiles/cmTC_cfd83.dir/link.txt --verbose=1
/usr/bin/cc  -pipe       -Wl,--disable-new-dtags  CMakeFiles/cmTC_cfd83.dir/CheckIncludeFiles.c.o  -o cmTC_cfd83 
make[1]: Leaving directory '/home/sehyun/GEMS_python/install/custom_builds/eccodes/build/CMakeFiles/CMakeTmp'


Determining if files string.h exist passed with the following output:
Change Dir: /home/sehyun/GEMS_python/install/custom_builds/eccodes/build/CMakeFiles/CMakeTmp

Run Build Command:"/usr/bin/make" "cmTC_18317/fast"
/usr/bin/make -f CMakeFiles/cmTC_18317.dir/build.make CMakeFiles/cmTC_18317.dir/build
make[1]: Entering directory '/home/sehyun/GEMS_python/install/custom_builds/eccodes/build/CMakeFiles/CMakeTmp'
Building C object CMakeFiles/cmTC_18317.dir/CheckIncludeFiles.c.o
/usr/bin/cc   -pipe  -fPIE   -o CMakeFiles/cmTC_18317.dir/CheckIncludeFiles.c.o   -c /home/sehyun/GEMS_python/install/custom_builds/eccodes/build/CMakeFiles/CMakeTmp/CheckIncludeFiles.c
Linking C executable cmTC_18317
/usr/bin/cmake -E cmake_link_script CMakeFiles/cmTC_18317.dir/link.txt --verbose=1
/usr/bin/cc  -pipe       -Wl,--disable-new-dtags  CMakeFiles/cmTC_18317.dir/CheckIncludeFiles.c.o  -o cmTC_18317 
make[1]: Leaving directory '/home/sehyun/GEMS_python/install/custom_builds/eccodes/build/CMakeFiles/CMakeTmp'


Determining if files sys/types.h exist passed with the following output:
Change Dir: /home/sehyun/GEMS_python/install/custom_builds/eccodes/build/CMakeFiles/CMakeTmp

Run Build Command:"/usr/bin/make" "cmTC_56b39/fast"
/usr/bin/make -f CMakeFiles/cmTC_56b39.dir/build.make CMakeFiles/cmTC_56b39.dir/build
make[1]: Entering directory '/home/sehyun/GEMS_python/install/custom_builds/eccodes/build/CMakeFiles/CMakeTmp'
Building C object CMakeFiles/cmTC_56b39.dir/CheckIncludeFiles.c.o
/usr/bin/cc   -pipe  -fPIE   -o CMakeFiles/cmTC_56b39.dir/CheckIncludeFiles.c.o   -c /home/sehyun/GEMS_python/install/custom_builds/eccodes/build/CMakeFiles/CMakeTmp/CheckIncludeFiles.c
Linking C executable cmTC_56b39
/usr/bin/cmake -E cmake_link_script CMakeFiles/cmTC_56b39.dir/link.txt --verbose=1
/usr/bin/cc  -pipe       -Wl,--disable-new-dtags  CMakeFiles/cmTC_56b39.dir/CheckIncludeFiles.c.o  -o cmTC_56b39 
make[1]: Leaving directory '/home/sehyun/GEMS_python/install/custom_builds/eccodes/build/CMakeFiles/CMakeTmp'


Determining if files sys/stat.h exist passed with the following output:
Change Dir: /home/sehyun/GEMS_python/install/custom_builds/eccodes/build/CMakeFiles/CMakeTmp

Run Build Command:"/usr/bin/make" "cmTC_303bf/fast"
/usr/bin/make -f CMakeFiles/cmTC_303bf.dir/build.make CMakeFiles/cmTC_303bf.dir/build
make[1]: Entering directory '/home/sehyun/GEMS_python/install/custom_builds/eccodes/build/CMakeFiles/CMakeTmp'
Building C object CMakeFiles/cmTC_303bf.dir/CheckIncludeFiles.c.o
/usr/bin/cc   -pipe  -fPIE   -o CMakeFiles/cmTC_303bf.dir/CheckIncludeFiles.c.o   -c /home/sehyun/GEMS_python/install/custom_builds/eccodes/build/CMakeFiles/CMakeTmp/CheckIncludeFiles.c
Linking C executable cmTC_303bf
/usr/bin/cmake -E cmake_link_script CMakeFiles/cmTC_303bf.dir/link.txt --verbose=1
/usr/bin/cc  -pipe       -Wl,--disable-new-dtags  CMakeFiles/cmTC_303bf.dir/CheckIncludeFiles.c.o  -o cmTC_303bf 
make[1]: Leaving directory '/home/sehyun/GEMS_python/install/custom_builds/eccodes/build/CMakeFiles/CMakeTmp'


Determining if files fcntl.h exist passed with the following output:
Change Dir: /home/sehyun/GEMS_python/install/custom_builds/eccodes/build/CMakeFiles/CMakeTmp

Run Build Command:"/usr/bin/make" "cmTC_ee002/fast"
/usr/bin/make -f CMakeFiles/cmTC_ee002.dir/build.make CMakeFiles/cmTC_ee002.dir/build
make[1]: Entering directory '/home/sehyun/GEMS_python/install/custom_builds/eccodes/build/CMakeFiles/CMakeTmp'
Building C object CMakeFiles/cmTC_ee002.dir/CheckIncludeFiles.c.o
/usr/bin/cc   -pipe  -fPIE   -o CMakeFiles/cmTC_ee002.dir/CheckIncludeFiles.c.o   -c /home/sehyun/GEMS_python/install/custom_builds/eccodes/build/CMakeFiles/CMakeTmp/CheckIncludeFiles.c
Linking C executable cmTC_ee002
/usr/bin/cmake -E cmake_link_script CMakeFiles/cmTC_ee002.dir/link.txt --verbose=1
/usr/bin/cc  -pipe       -Wl,--disable-new-dtags  CMakeFiles/cmTC_ee002.dir/CheckIncludeFiles.c.o  -o cmTC_ee002 
make[1]: Leaving directory '/home/sehyun/GEMS_python/install/custom_builds/eccodes/build/CMakeFiles/CMakeTmp'


Determining if files unistd.h exist passed with the following output:
Change Dir: /home/sehyun/GEMS_python/install/custom_builds/eccodes/build/CMakeFiles/CMakeTmp

Run Build Command:"/usr/bin/make" "cmTC_beee1/fast"
/usr/bin/make -f CMakeFiles/cmTC_beee1.dir/build.make CMakeFiles/cmTC_beee1.dir/build
make[1]: Entering directory '/home/sehyun/GEMS_python/install/custom_builds/eccodes/build/CMakeFiles/CMakeTmp'
Building C object CMakeFiles/cmTC_beee1.dir/CheckIncludeFiles.c.o
/usr/bin/cc   -pipe  -fPIE   -o CMakeFiles/cmTC_beee1.dir/CheckIncludeFiles.c.o   -c /home/sehyun/GEMS_python/install/custom_builds/eccodes/build/CMakeFiles/CMakeTmp/CheckIncludeFiles.c
Linking C executable cmTC_beee1
/usr/bin/cmake -E cmake_link_script CMakeFiles/cmTC_beee1.dir/link.txt --verbose=1
/usr/bin/cc  -pipe       -Wl,--disable-new-dtags  CMakeFiles/cmTC_beee1.dir/CheckIncludeFiles.c.o  -o cmTC_beee1 
make[1]: Leaving directory '/home/sehyun/GEMS_python/install/custom_builds/eccodes/build/CMakeFiles/CMakeTmp'


Determining if the fseeko exist passed with the following output:
Change Dir: /home/sehyun/GEMS_python/install/custom_builds/eccodes/build/CMakeFiles/CMakeTmp

Run Build Command:"/usr/bin/make" "cmTC_bf93d/fast"
/usr/bin/make -f CMakeFiles/cmTC_bf93d.dir/build.make CMakeFiles/cmTC_bf93d.dir/build
make[1]: Entering directory '/home/sehyun/GEMS_python/install/custom_builds/eccodes/build/CMakeFiles/CMakeTmp'
Building C object CMakeFiles/cmTC_bf93d.dir/CheckSymbolExists.c.o
/usr/bin/cc   -pipe  -fPIE   -o CMakeFiles/cmTC_bf93d.dir/CheckSymbolExists.c.o   -c /home/sehyun/GEMS_python/install/custom_builds/eccodes/build/CMakeFiles/CMakeTmp/CheckSymbolExists.c
Linking C executable cmTC_bf93d
/usr/bin/cmake -E cmake_link_script CMakeFiles/cmTC_bf93d.dir/link.txt --verbose=1
/usr/bin/cc  -pipe       -Wl,--disable-new-dtags  CMakeFiles/cmTC_bf93d.dir/CheckSymbolExists.c.o  -o cmTC_bf93d 
make[1]: Leaving directory '/home/sehyun/GEMS_python/install/custom_builds/eccodes/build/CMakeFiles/CMakeTmp'

File /home/sehyun/GEMS_python/install/custom_builds/eccodes/build/CMakeFiles/CMakeTmp/CheckSymbolExists.c:
/* */
#include <stdio.h>

int main(int argc, char** argv)
{
  (void)argv;
#ifndef fseeko
  return ((int*)(&fseeko))[argc];
#else
  (void)argc;
  return 0;
#endif
}

Determining if the posix_memalign exist passed with the following output:
Change Dir: /home/sehyun/GEMS_python/install/custom_builds/eccodes/build/CMakeFiles/CMakeTmp

Run Build Command:"/usr/bin/make" "cmTC_5e4f0/fast"
/usr/bin/make -f CMakeFiles/cmTC_5e4f0.dir/build.make CMakeFiles/cmTC_5e4f0.dir/build
make[1]: Entering directory '/home/sehyun/GEMS_python/install/custom_builds/eccodes/build/CMakeFiles/CMakeTmp'
Building C object CMakeFiles/cmTC_5e4f0.dir/CheckSymbolExists.c.o
/usr/bin/cc   -pipe  -fPIE   -o CMakeFiles/cmTC_5e4f0.dir/CheckSymbolExists.c.o   -c /home/sehyun/GEMS_python/install/custom_builds/eccodes/build/CMakeFiles/CMakeTmp/CheckSymbolExists.c
Linking C executable cmTC_5e4f0
/usr/bin/cmake -E cmake_link_script CMakeFiles/cmTC_5e4f0.dir/link.txt --verbose=1
/usr/bin/cc  -pipe       -Wl,--disable-new-dtags  CMakeFiles/cmTC_5e4f0.dir/CheckSymbolExists.c.o  -o cmTC_5e4f0 
make[1]: Leaving directory '/home/sehyun/GEMS_python/install/custom_builds/eccodes/build/CMakeFiles/CMakeTmp'

File /home/sehyun/GEMS_python/install/custom_builds/eccodes/build/CMakeFiles/CMakeTmp/CheckSymbolExists.c:
/* */
#include <stdlib.h>

int main(int argc, char** argv)
{
  (void)argv;
#ifndef posix_memalign
  return ((int*)(&posix_memalign))[argc];
#else
  (void)argc;
  return 0;
#endif
}

Determining if the fmemopen exist passed with the following output:
Change Dir: /home/sehyun/GEMS_python/install/custom_builds/eccodes/build/CMakeFiles/CMakeTmp

Run Build Command:"/usr/bin/make" "cmTC_6a3c6/fast"
/usr/bin/make -f CMakeFiles/cmTC_6a3c6.dir/build.make CMakeFiles/cmTC_6a3c6.dir/build
make[1]: Entering directory '/home/sehyun/GEMS_python/install/custom_builds/eccodes/build/CMakeFiles/CMakeTmp'
Building C object CMakeFiles/cmTC_6a3c6.dir/CheckSymbolExists.c.o
/usr/bin/cc   -pipe  -fPIE   -o CMakeFiles/cmTC_6a3c6.dir/CheckSymbolExists.c.o   -c /home/sehyun/GEMS_python/install/custom_builds/eccodes/build/CMakeFiles/CMakeTmp/CheckSymbolExists.c
Linking C executable cmTC_6a3c6
/usr/bin/cmake -E cmake_link_script CMakeFiles/cmTC_6a3c6.dir/link.txt --verbose=1
/usr/bin/cc  -pipe       -Wl,--disable-new-dtags  CMakeFiles/cmTC_6a3c6.dir/CheckSymbolExists.c.o  -o cmTC_6a3c6 
make[1]: Leaving directory '/home/sehyun/GEMS_python/install/custom_builds/eccodes/build/CMakeFiles/CMakeTmp'

File /home/sehyun/GEMS_python/install/custom_builds/eccodes/build/CMakeFiles/CMakeTmp/CheckSymbolExists.c:
/* */
#include <stdio.h>

int main(int argc, char** argv)
{
  (void)argv;
#ifndef fmemopen
  return ((int*)(&fmemopen))[argc];
#else
  (void)argc;
  return 0;
#endif
}

Performing C SOURCE FILE Test ECCODES_HAVE_C_INLINE succeeded with the following output:
Change Dir: /home/sehyun/GEMS_python/install/custom_builds/eccodes/build/CMakeFiles/CMakeTmp

Run Build Command:"/usr/bin/make" "cmTC_9cea3/fast"
/usr/bin/make -f CMakeFiles/cmTC_9cea3.dir/build.make CMakeFiles/cmTC_9cea3.dir/build
make[1]: Entering directory '/home/sehyun/GEMS_python/install/custom_builds/eccodes/build/CMakeFiles/CMakeTmp'
Building C object CMakeFiles/cmTC_9cea3.dir/src.c.o
/usr/bin/cc   -pipe -DECCODES_HAVE_C_INLINE -fPIE   -o CMakeFiles/cmTC_9cea3.dir/src.c.o   -c /home/sehyun/GEMS_python/install/custom_builds/eccodes/build/CMakeFiles/CMakeTmp/src.c
Linking C executable cmTC_9cea3
/usr/bin/cmake -E cmake_link_script CMakeFiles/cmTC_9cea3.dir/link.txt --verbose=1
/usr/bin/cc  -pipe -DECCODES_HAVE_C_INLINE      -Wl,--disable-new-dtags  CMakeFiles/cmTC_9cea3.dir/src.c.o  -o cmTC_9cea3 
make[1]: Leaving directory '/home/sehyun/GEMS_python/install/custom_builds/eccodes/build/CMakeFiles/CMakeTmp'

Source file was:
 typedef int foo_t;
      static inline foo_t static_foo(){return 0;}
      foo_t foo(){return 0;}
      int main(int argc, char *argv[]){return 0;}
      
Performing C SOURCE FILE Test IEEE_LE succeeded with the following output:
Change Dir: /home/sehyun/GEMS_python/install/custom_builds/eccodes/build/CMakeFiles/CMakeTmp

Run Build Command:"/usr/bin/make" "cmTC_9919e/fast"
/usr/bin/make -f CMakeFiles/cmTC_9919e.dir/build.make CMakeFiles/cmTC_9919e.dir/build
make[1]: Entering directory '/home/sehyun/GEMS_python/install/custom_builds/eccodes/build/CMakeFiles/CMakeTmp'
Building C object CMakeFiles/cmTC_9919e.dir/src.c.o
/usr/bin/cc   -pipe -DIEEE_LE -fPIE   -o CMakeFiles/cmTC_9919e.dir/src.c.o   -c /home/sehyun/GEMS_python/install/custom_builds/eccodes/build/CMakeFiles/CMakeTmp/src.c
Linking C executable cmTC_9919e
/usr/bin/cmake -E cmake_link_script CMakeFiles/cmTC_9919e.dir/link.txt --verbose=1
/usr/bin/cc  -pipe -DIEEE_LE      -Wl,--disable-new-dtags  CMakeFiles/cmTC_9919e.dir/src.c.o  -o cmTC_9919e 
make[1]: Leaving directory '/home/sehyun/GEMS_python/install/custom_builds/eccodes/build/CMakeFiles/CMakeTmp'

Return value: 1
Source file was:
int compare(unsigned char* a,unsigned char* b) {
         while(*a != 0) if (*(b++)!=*(a++)) return 1;
         return 0;
       }
       int main(int argc,char** argv) {
         unsigned char dc[]={0xD9,0xCC,0x67,0x93,0x80,0xDE,0x61,0x30,0};
         double da=1.23456789e-75;
         unsigned char* ca;

         unsigned char fc[]={0x22,0x48,0x83,0x05,0};
         float fa=1.23456789e-35;

         if (sizeof(double)!=8) return 1;

         ca=(unsigned char*)&da;
         if (compare(dc,ca)) return 1;

         if (sizeof(float)!=4) return 1;

         ca=(unsigned char*)&fa;
         if (compare(fc,ca)) return 1;

         return 0;
       }
Compiling the Fortran compiler identification source file "CMakeFortranCompilerId.F" succeeded.
Compiler: /usr/bin/gfortran 
Build flags: 
Id flags: -v 

The output was:
0
Driving: /usr/bin/gfortran -v CMakeFortranCompilerId.F -l gfortran -l m -shared-libgcc
Using built-in specs.
COLLECT_GCC=/usr/bin/gfortran
COLLECT_LTO_WRAPPER=/usr/lib/gcc/x86_64-linux-gnu/7/lto-wrapper
OFFLOAD_TARGET_NAMES=nvptx-none
OFFLOAD_TARGET_DEFAULT=1
Target: x86_64-linux-gnu
Configured with: ../src/configure -v --with-pkgversion='Ubuntu 7.4.0-1ubuntu1~18.04.1' --with-bugurl=file:///usr/share/doc/gcc-7/README.Bugs --enable-languages=c,ada,c++,go,brig,d,fortran,objc,obj-c++ --prefix=/usr --with-gcc-major-version-only --program-suffix=-7 --program-prefix=x86_64-linux-gnu- --enable-shared --enable-linker-build-id --libexecdir=/usr/lib --without-included-gettext --enable-threads=posix --libdir=/usr/lib --enable-nls --with-sysroot=/ --enable-clocale=gnu --enable-libstdcxx-debug --enable-libstdcxx-time=yes --with-default-libstdcxx-abi=new --enable-gnu-unique-object --disable-vtable-verify --enable-libmpx --enable-plugin --enable-default-pie --with-system-zlib --with-target-system-zlib --enable-objc-gc=auto --enable-multiarch --disable-werror --with-arch-32=i686 --with-abi=m64 --with-multilib-list=m32,m64,mx32 --enable-multilib --with-tune=generic --enable-offload-targets=nvptx-none --without-cuda-driver --enable-checking=release --build=x86_64-linux-gnu --host=x86_64-linux-gnu --target=x86_64-linux-gnu
Thread model: posix
gcc version 7.4.0 (Ubuntu 7.4.0-1ubuntu1~18.04.1) 
COLLECT_GCC_OPTIONS='-v' '-shared-libgcc' '-mtune=generic' '-march=x86-64'
 /usr/lib/gcc/x86_64-linux-gnu/7/f951 CMakeFortranCompilerId.F -ffixed-form -cpp=/tmp/ccnjVr2F.f90 -quiet -v -imultiarch x86_64-linux-gnu CMakeFortranCompilerId.F -quiet -dumpbase CMakeFortranCompilerId.F -mtune=generic -march=x86-64 -auxbase CMakeFortranCompilerId -version -fintrinsic-modules-path /usr/lib/gcc/x86_64-linux-gnu/7/finclude -o /tmp/ccazlaZz.s
GNU Fortran (Ubuntu 7.4.0-1ubuntu1~18.04.1) version 7.4.0 (x86_64-linux-gnu)
	compiled by GNU C version 7.4.0, GMP version 6.1.2, MPFR version 4.0.1, MPC version 1.1.0, isl version isl-0.19-GMP

GGC heuristics: --param ggc-min-expand=100 --param ggc-min-heapsize=131072
ignoring nonexistent directory "/usr/local/include/x86_64-linux-gnu"
ignoring nonexistent directory "/usr/lib/gcc/x86_64-linux-gnu/7/../../../../x86_64-linux-gnu/include"
#include "..." search starts here:
#include <...> search starts here:
 /usr/lib/gcc/x86_64-linux-gnu/7/finclude
 /usr/lib/gcc/x86_64-linux-gnu/7/include
 /usr/local/include
 /usr/lib/gcc/x86_64-linux-gnu/7/include-fixed
 /usr/include/x86_64-linux-gnu
 /usr/include
End of search list.
GNU Fortran2008 (Ubuntu 7.4.0-1ubuntu1~18.04.1) version 7.4.0 (x86_64-linux-gnu)
	compiled by GNU C version 7.4.0, GMP version 6.1.2, MPFR version 4.0.1, MPC version 1.1.0, isl version isl-0.19-GMP

GGC heuristics: --param ggc-min-expand=100 --param ggc-min-heapsize=131072
COLLECT_GCC_OPTIONS='-v' '-shared-libgcc' '-mtune=generic' '-march=x86-64'
 as -v --64 -o /tmp/ccTKxP1t.o /tmp/ccazlaZz.s
GNU assembler version 2.30 (x86_64-linux-gnu) using BFD version (GNU Binutils for Ubuntu) 2.30
Reading specs from /usr/lib/gcc/x86_64-linux-gnu/7/libgfortran.spec
rename spec lib to liborig
COLLECT_GCC_OPTIONS='-v' '-shared-libgcc' '-mtune=generic' '-march=x86-64'
COMPILER_PATH=/usr/lib/gcc/x86_64-linux-gnu/7/:/usr/lib/gcc/x86_64-linux-gnu/7/:/usr/lib/gcc/x86_64-linux-gnu/:/usr/lib/gcc/x86_64-linux-gnu/7/:/usr/lib/gcc/x86_64-linux-gnu/
LIBRARY_PATH=/usr/lib/gcc/x86_64-linux-gnu/7/:/usr/lib/gcc/x86_64-linux-gnu/7/../../../x86_64-linux-gnu/:/usr/lib/gcc/x86_64-linux-gnu/7/../../../../lib/:/lib/x86_64-linux-gnu/:/lib/../lib/:/usr/lib/x86_64-linux-gnu/:/usr/lib/../lib/:/usr/lib/gcc/x86_64-linux-gnu/7/../../../:/lib/:/usr/lib/
COLLECT_GCC_OPTIONS='-v' '-shared-libgcc' '-mtune=generic' '-march=x86-64'
 /usr/lib/gcc/x86_64-linux-gnu/7/collect2 -plugin /usr/lib/gcc/x86_64-linux-gnu/7/liblto_plugin.so -plugin-opt=/usr/lib/gcc/x86_64-linux-gnu/7/lto-wrapper -plugin-opt=-fresolution=/tmp/ccdiZw5n.res -plugin-opt=-pass-through=-lgcc_s -plugin-opt=-pass-through=-lgcc -plugin-opt=-pass-through=-lquadmath -plugin-opt=-pass-through=-lm -plugin-opt=-pass-through=-lgcc_s -plugin-opt=-pass-through=-lgcc -plugin-opt=-pass-through=-lc -plugin-opt=-pass-through=-lgcc_s -plugin-opt=-pass-through=-lgcc --sysroot=/ --build-id --eh-frame-hdr -m elf_x86_64 --hash-style=gnu --as-needed -dynamic-linker /lib64/ld-linux-x86-64.so.2 -pie -z now -z relro /usr/lib/gcc/x86_64-linux-gnu/7/../../../x86_64-linux-gnu/Scrt1.o /usr/lib/gcc/x86_64-linux-gnu/7/../../../x86_64-linux-gnu/crti.o /usr/lib/gcc/x86_64-linux-gnu/7/crtbeginS.o -L/usr/lib/gcc/x86_64-linux-gnu/7 -L/usr/lib/gcc/x86_64-linux-gnu/7/../../../x86_64-linux-gnu -L/usr/lib/gcc/x86_64-linux-gnu/7/../../../../lib -L/lib/x86_64-linux-gnu -L/lib/../lib -L/usr/lib/x86_64-linux-gnu -L/usr/lib/../lib -L/usr/lib/gcc/x86_64-linux-gnu/7/../../.. /tmp/ccTKxP1t.o -lgfortran -lm -lgcc_s -lgcc -lquadmath -lm -lgcc_s -lgcc -lc -lgcc_s -lgcc /usr/lib/gcc/x86_64-linux-gnu/7/crtendS.o /usr/lib/gcc/x86_64-linux-gnu/7/../../../x86_64-linux-gnu/crtn.o
COLLECT_GCC_OPTIONS='-v' '-shared-libgcc' '-mtune=generic' '-march=x86-64'


Compilation of the Fortran compiler identification source "CMakeFortranCompilerId.F" produced "a.out"

The Fortran compiler identification is GNU, found in "/home/sehyun/GEMS_python/install/custom_builds/eccodes/build/CMakeFiles/3.10.2/CompilerIdFortran/a.out"

Determining if the Fortran compiler works passed with the following output:
Change Dir: /home/sehyun/GEMS_python/install/custom_builds/eccodes/build/CMakeFiles/CMakeTmp

Run Build Command:"/usr/bin/make" "cmTC_a372e/fast"
/usr/bin/make -f CMakeFiles/cmTC_a372e.dir/build.make CMakeFiles/cmTC_a372e.dir/build
make[1]: Entering directory '/home/sehyun/GEMS_python/install/custom_builds/eccodes/build/CMakeFiles/CMakeTmp'
Building Fortran object CMakeFiles/cmTC_a372e.dir/testFortranCompiler.f.o
/usr/bin/gfortran   -fPIE   -c /home/sehyun/GEMS_python/install/custom_builds/eccodes/build/CMakeFiles/CMakeTmp/testFortranCompiler.f -o CMakeFiles/cmTC_a372e.dir/testFortranCompiler.f.o
Linking Fortran executable cmTC_a372e
/usr/bin/cmake -E cmake_link_script CMakeFiles/cmTC_a372e.dir/link.txt --verbose=1
/usr/bin/gfortran      -Wl,--disable-new-dtags    CMakeFiles/cmTC_a372e.dir/testFortranCompiler.f.o  -o cmTC_a372e 
make[1]: Leaving directory '/home/sehyun/GEMS_python/install/custom_builds/eccodes/build/CMakeFiles/CMakeTmp'


Detecting Fortran compiler ABI info compiled with the following output:
Change Dir: /home/sehyun/GEMS_python/install/custom_builds/eccodes/build/CMakeFiles/CMakeTmp

Run Build Command:"/usr/bin/make" "cmTC_cbc75/fast"
/usr/bin/make -f CMakeFiles/cmTC_cbc75.dir/build.make CMakeFiles/cmTC_cbc75.dir/build
make[1]: Entering directory '/home/sehyun/GEMS_python/install/custom_builds/eccodes/build/CMakeFiles/CMakeTmp'
Building Fortran object CMakeFiles/cmTC_cbc75.dir/CMakeFortranCompilerABI.F.o
/usr/bin/gfortran   -fPIE   -c /usr/share/cmake-3.10/Modules/CMakeFortranCompilerABI.F -o CMakeFiles/cmTC_cbc75.dir/CMakeFortranCompilerABI.F.o
Linking Fortran executable cmTC_cbc75
/usr/bin/cmake -E cmake_link_script CMakeFiles/cmTC_cbc75.dir/link.txt --verbose=1
/usr/bin/gfortran      -Wl,--disable-new-dtags -v   CMakeFiles/cmTC_cbc75.dir/CMakeFortranCompilerABI.F.o  -o cmTC_cbc75 
Driving: /usr/bin/gfortran -Wl,--disable-new-dtags -v CMakeFiles/cmTC_cbc75.dir/CMakeFortranCompilerABI.F.o -o cmTC_cbc75 -l gfortran -l m -shared-libgcc
Using built-in specs.
COLLECT_GCC=/usr/bin/gfortran
COLLECT_LTO_WRAPPER=/usr/lib/gcc/x86_64-linux-gnu/7/lto-wrapper
OFFLOAD_TARGET_NAMES=nvptx-none
OFFLOAD_TARGET_DEFAULT=1
Target: x86_64-linux-gnu
Configured with: ../src/configure -v --with-pkgversion='Ubuntu 7.4.0-1ubuntu1~18.04.1' --with-bugurl=file:///usr/share/doc/gcc-7/README.Bugs --enable-languages=c,ada,c++,go,brig,d,fortran,objc,obj-c++ --prefix=/usr --with-gcc-major-version-only --program-suffix=-7 --program-prefix=x86_64-linux-gnu- --enable-shared --enable-linker-build-id --libexecdir=/usr/lib --without-included-gettext --enable-threads=posix --libdir=/usr/lib --enable-nls --with-sysroot=/ --enable-clocale=gnu --enable-libstdcxx-debug --enable-libstdcxx-time=yes --with-default-libstdcxx-abi=new --enable-gnu-unique-object --disable-vtable-verify --enable-libmpx --enable-plugin --enable-default-pie --with-system-zlib --with-target-system-zlib --enable-objc-gc=auto --enable-multiarch --disable-werror --with-arch-32=i686 --with-abi=m64 --with-multilib-list=m32,m64,mx32 --enable-multilib --with-tune=generic --enable-offload-targets=nvptx-none --without-cuda-driver --enable-checking=release --build=x86_64-linux-gnu --host=x86_64-linux-gnu --target=x86_64-linux-gnu
Thread model: posix
gcc version 7.4.0 (Ubuntu 7.4.0-1ubuntu1~18.04.1) 
Reading specs from /usr/lib/gcc/x86_64-linux-gnu/7/libgfortran.spec
rename spec lib to liborig
COLLECT_GCC_OPTIONS='-v' '-o' 'cmTC_cbc75' '-shared-libgcc' '-mtune=generic' '-march=x86-64'
COMPILER_PATH=/usr/lib/gcc/x86_64-linux-gnu/7/:/usr/lib/gcc/x86_64-linux-gnu/7/:/usr/lib/gcc/x86_64-linux-gnu/:/usr/lib/gcc/x86_64-linux-gnu/7/:/usr/lib/gcc/x86_64-linux-gnu/
LIBRARY_PATH=/usr/lib/gcc/x86_64-linux-gnu/7/:/usr/lib/gcc/x86_64-linux-gnu/7/../../../x86_64-linux-gnu/:/usr/lib/gcc/x86_64-linux-gnu/7/../../../../lib/:/lib/x86_64-linux-gnu/:/lib/../lib/:/usr/lib/x86_64-linux-gnu/:/usr/lib/../lib/:/usr/lib/gcc/x86_64-linux-gnu/7/../../../:/lib/:/usr/lib/
COLLECT_GCC_OPTIONS='-v' '-o' 'cmTC_cbc75' '-shared-libgcc' '-mtune=generic' '-march=x86-64'
 /usr/lib/gcc/x86_64-linux-gnu/7/collect2 -plugin /usr/lib/gcc/x86_64-linux-gnu/7/liblto_plugin.so -plugin-opt=/usr/lib/gcc/x86_64-linux-gnu/7/lto-wrapper -plugin-opt=-fresolution=/tmp/ccIlwC45.res -plugin-opt=-pass-through=-lgcc_s -plugin-opt=-pass-through=-lgcc -plugin-opt=-pass-through=-lquadmath -plugin-opt=-pass-through=-lm -plugin-opt=-pass-through=-lgcc_s -plugin-opt=-pass-through=-lgcc -plugin-opt=-pass-through=-lc -plugin-opt=-pass-through=-lgcc_s -plugin-opt=-pass-through=-lgcc --sysroot=/ --build-id --eh-frame-hdr -m elf_x86_64 --hash-style=gnu --as-needed -dynamic-linker /lib64/ld-linux-x86-64.so.2 -pie -z now -z relro -o cmTC_cbc75 /usr/lib/gcc/x86_64-linux-gnu/7/../../../x86_64-linux-gnu/Scrt1.o /usr/lib/gcc/x86_64-linux-gnu/7/../../../x86_64-linux-gnu/crti.o /usr/lib/gcc/x86_64-linux-gnu/7/crtbeginS.o -L/usr/lib/gcc/x86_64-linux-gnu/7 -L/usr/lib/gcc/x86_64-linux-gnu/7/../../../x86_64-linux-gnu -L/usr/lib/gcc/x86_64-linux-gnu/7/../../../../lib -L/lib/x86_64-linux-gnu -L/lib/../lib -L/usr/lib/x86_64-linux-gnu -L/usr/lib/../lib -L/usr/lib/gcc/x86_64-linux-gnu/7/../../.. --disable-new-dtags CMakeFiles/cmTC_cbc75.dir/CMakeFortranCompilerABI.F.o -lgfortran -lm -lgcc_s -lgcc -lquadmath -lm -lgcc_s -lgcc -lc -lgcc_s -lgcc /usr/lib/gcc/x86_64-linux-gnu/7/crtendS.o /usr/lib/gcc/x86_64-linux-gnu/7/../../../x86_64-linux-gnu/crtn.o
COLLECT_GCC_OPTIONS='-v' '-o' 'cmTC_cbc75' '-shared-libgcc' '-mtune=generic' '-march=x86-64'
make[1]: Leaving directory '/home/sehyun/GEMS_python/install/custom_builds/eccodes/build/CMakeFiles/CMakeTmp'


Parsed Fortran implicit link information from above output:
  link line regex: [^( *|.*[/\])(ld|CMAKE_LINK_STARTFILE-NOTFOUND|([^/\]+-)?ld|collect2)[^/\]*( |$)]
  ignore line: [Change Dir: /home/sehyun/GEMS_python/install/custom_builds/eccodes/build/CMakeFiles/CMakeTmp]
  ignore line: []
  ignore line: [Run Build Command:"/usr/bin/make" "cmTC_cbc75/fast"]
  ignore line: [/usr/bin/make -f CMakeFiles/cmTC_cbc75.dir/build.make CMakeFiles/cmTC_cbc75.dir/build]
  ignore line: [make[1]: Entering directory '/home/sehyun/GEMS_python/install/custom_builds/eccodes/build/CMakeFiles/CMakeTmp']
  ignore line: [Building Fortran object CMakeFiles/cmTC_cbc75.dir/CMakeFortranCompilerABI.F.o]
  ignore line: [/usr/bin/gfortran   -fPIE   -c /usr/share/cmake-3.10/Modules/CMakeFortranCompilerABI.F -o CMakeFiles/cmTC_cbc75.dir/CMakeFortranCompilerABI.F.o]
  ignore line: [Linking Fortran executable cmTC_cbc75]
  ignore line: [/usr/bin/cmake -E cmake_link_script CMakeFiles/cmTC_cbc75.dir/link.txt --verbose=1]
  ignore line: [/usr/bin/gfortran      -Wl,--disable-new-dtags -v   CMakeFiles/cmTC_cbc75.dir/CMakeFortranCompilerABI.F.o  -o cmTC_cbc75 ]
  ignore line: [Driving: /usr/bin/gfortran -Wl,--disable-new-dtags -v CMakeFiles/cmTC_cbc75.dir/CMakeFortranCompilerABI.F.o -o cmTC_cbc75 -l gfortran -l m -shared-libgcc]
  ignore line: [Using built-in specs.]
  ignore line: [COLLECT_GCC=/usr/bin/gfortran]
  ignore line: [COLLECT_LTO_WRAPPER=/usr/lib/gcc/x86_64-linux-gnu/7/lto-wrapper]
  ignore line: [OFFLOAD_TARGET_NAMES=nvptx-none]
  ignore line: [OFFLOAD_TARGET_DEFAULT=1]
  ignore line: [Target: x86_64-linux-gnu]
  ignore line: [Configured with: ../src/configure -v --with-pkgversion='Ubuntu 7.4.0-1ubuntu1~18.04.1' --with-bugurl=file:///usr/share/doc/gcc-7/README.Bugs --enable-languages=c,ada,c++,go,brig,d,fortran,objc,obj-c++ --prefix=/usr --with-gcc-major-version-only --program-suffix=-7 --program-prefix=x86_64-linux-gnu- --enable-shared --enable-linker-build-id --libexecdir=/usr/lib --without-included-gettext --enable-threads=posix --libdir=/usr/lib --enable-nls --with-sysroot=/ --enable-clocale=gnu --enable-libstdcxx-debug --enable-libstdcxx-time=yes --with-default-libstdcxx-abi=new --enable-gnu-unique-object --disable-vtable-verify --enable-libmpx --enable-plugin --enable-default-pie --with-system-zlib --with-target-system-zlib --enable-objc-gc=auto --enable-multiarch --disable-werror --with-arch-32=i686 --with-abi=m64 --with-multilib-list=m32,m64,mx32 --enable-multilib --with-tune=generic --enable-offload-targets=nvptx-none --without-cuda-driver --enable-checking=release --build=x86_64-linux-gnu --host=x86_64-linux-gnu --target=x86_64-linux-gnu]
  ignore line: [Thread model: posix]
  ignore line: [gcc version 7.4.0 (Ubuntu 7.4.0-1ubuntu1~18.04.1) ]
  ignore line: [Reading specs from /usr/lib/gcc/x86_64-linux-gnu/7/libgfortran.spec]
  ignore line: [rename spec lib to liborig]
  ignore line: [COLLECT_GCC_OPTIONS='-v' '-o' 'cmTC_cbc75' '-shared-libgcc' '-mtune=generic' '-march=x86-64']
  ignore line: [COMPILER_PATH=/usr/lib/gcc/x86_64-linux-gnu/7/:/usr/lib/gcc/x86_64-linux-gnu/7/:/usr/lib/gcc/x86_64-linux-gnu/:/usr/lib/gcc/x86_64-linux-gnu/7/:/usr/lib/gcc/x86_64-linux-gnu/]
  ignore line: [LIBRARY_PATH=/usr/lib/gcc/x86_64-linux-gnu/7/:/usr/lib/gcc/x86_64-linux-gnu/7/../../../x86_64-linux-gnu/:/usr/lib/gcc/x86_64-linux-gnu/7/../../../../lib/:/lib/x86_64-linux-gnu/:/lib/../lib/:/usr/lib/x86_64-linux-gnu/:/usr/lib/../lib/:/usr/lib/gcc/x86_64-linux-gnu/7/../../../:/lib/:/usr/lib/]
  ignore line: [COLLECT_GCC_OPTIONS='-v' '-o' 'cmTC_cbc75' '-shared-libgcc' '-mtune=generic' '-march=x86-64']
  link line: [ /usr/lib/gcc/x86_64-linux-gnu/7/collect2 -plugin /usr/lib/gcc/x86_64-linux-gnu/7/liblto_plugin.so -plugin-opt=/usr/lib/gcc/x86_64-linux-gnu/7/lto-wrapper -plugin-opt=-fresolution=/tmp/ccIlwC45.res -plugin-opt=-pass-through=-lgcc_s -plugin-opt=-pass-through=-lgcc -plugin-opt=-pass-through=-lquadmath -plugin-opt=-pass-through=-lm -plugin-opt=-pass-through=-lgcc_s -plugin-opt=-pass-through=-lgcc -plugin-opt=-pass-through=-lc -plugin-opt=-pass-through=-lgcc_s -plugin-opt=-pass-through=-lgcc --sysroot=/ --build-id --eh-frame-hdr -m elf_x86_64 --hash-style=gnu --as-needed -dynamic-linker /lib64/ld-linux-x86-64.so.2 -pie -z now -z relro -o cmTC_cbc75 /usr/lib/gcc/x86_64-linux-gnu/7/../../../x86_64-linux-gnu/Scrt1.o /usr/lib/gcc/x86_64-linux-gnu/7/../../../x86_64-linux-gnu/crti.o /usr/lib/gcc/x86_64-linux-gnu/7/crtbeginS.o -L/usr/lib/gcc/x86_64-linux-gnu/7 -L/usr/lib/gcc/x86_64-linux-gnu/7/../../../x86_64-linux-gnu -L/usr/lib/gcc/x86_64-linux-gnu/7/../../../../lib -L/lib/x86_64-linux-gnu -L/lib/../lib -L/usr/lib/x86_64-linux-gnu -L/usr/lib/../lib -L/usr/lib/gcc/x86_64-linux-gnu/7/../../.. --disable-new-dtags CMakeFiles/cmTC_cbc75.dir/CMakeFortranCompilerABI.F.o -lgfortran -lm -lgcc_s -lgcc -lquadmath -lm -lgcc_s -lgcc -lc -lgcc_s -lgcc /usr/lib/gcc/x86_64-linux-gnu/7/crtendS.o /usr/lib/gcc/x86_64-linux-gnu/7/../../../x86_64-linux-gnu/crtn.o]
    arg [/usr/lib/gcc/x86_64-linux-gnu/7/collect2] ==> ignore
    arg [-plugin] ==> ignore
    arg [/usr/lib/gcc/x86_64-linux-gnu/7/liblto_plugin.so] ==> ignore
    arg [-plugin-opt=/usr/lib/gcc/x86_64-linux-gnu/7/lto-wrapper] ==> ignore
    arg [-plugin-opt=-fresolution=/tmp/ccIlwC45.res] ==> ignore
    arg [-plugin-opt=-pass-through=-lgcc_s] ==> ignore
    arg [-plugin-opt=-pass-through=-lgcc] ==> ignore
    arg [-plugin-opt=-pass-through=-lquadmath] ==> ignore
    arg [-plugin-opt=-pass-through=-lm] ==> ignore
    arg [-plugin-opt=-pass-through=-lgcc_s] ==> ignore
    arg [-plugin-opt=-pass-through=-lgcc] ==> ignore
    arg [-plugin-opt=-pass-through=-lc] ==> ignore
    arg [-plugin-opt=-pass-through=-lgcc_s] ==> ignore
    arg [-plugin-opt=-pass-through=-lgcc] ==> ignore
    arg [--sysroot=/] ==> ignore
    arg [--build-id] ==> ignore
    arg [--eh-frame-hdr] ==> ignore
    arg [-m] ==> ignore
    arg [elf_x86_64] ==> ignore
    arg [--hash-style=gnu] ==> ignore
    arg [--as-needed] ==> ignore
    arg [-dynamic-linker] ==> ignore
    arg [/lib64/ld-linux-x86-64.so.2] ==> ignore
    arg [-pie] ==> ignore
    arg [-znow] ==> ignore
    arg [-zrelro] ==> ignore
    arg [-o] ==> ignore
    arg [cmTC_cbc75] ==> ignore
    arg [/usr/lib/gcc/x86_64-linux-gnu/7/../../../x86_64-linux-gnu/Scrt1.o] ==> ignore
    arg [/usr/lib/gcc/x86_64-linux-gnu/7/../../../x86_64-linux-gnu/crti.o] ==> ignore
    arg [/usr/lib/gcc/x86_64-linux-gnu/7/crtbeginS.o] ==> ignore
    arg [-L/usr/lib/gcc/x86_64-linux-gnu/7] ==> dir [/usr/lib/gcc/x86_64-linux-gnu/7]
    arg [-L/usr/lib/gcc/x86_64-linux-gnu/7/../../../x86_64-linux-gnu] ==> dir [/usr/lib/gcc/x86_64-linux-gnu/7/../../../x86_64-linux-gnu]
    arg [-L/usr/lib/gcc/x86_64-linux-gnu/7/../../../../lib] ==> dir [/usr/lib/gcc/x86_64-linux-gnu/7/../../../../lib]
    arg [-L/lib/x86_64-linux-gnu] ==> dir [/lib/x86_64-linux-gnu]
    arg [-L/lib/../lib] ==> dir [/lib/../lib]
    arg [-L/usr/lib/x86_64-linux-gnu] ==> dir [/usr/lib/x86_64-linux-gnu]
    arg [-L/usr/lib/../lib] ==> dir [/usr/lib/../lib]
    arg [-L/usr/lib/gcc/x86_64-linux-gnu/7/../../..] ==> dir [/usr/lib/gcc/x86_64-linux-gnu/7/../../..]
    arg [--disable-new-dtags] ==> ignore
    arg [CMakeFiles/cmTC_cbc75.dir/CMakeFortranCompilerABI.F.o] ==> ignore
    arg [-lgfortran] ==> lib [gfortran]
    arg [-lm] ==> lib [m]
    arg [-lgcc_s] ==> lib [gcc_s]
    arg [-lgcc] ==> lib [gcc]
    arg [-lquadmath] ==> lib [quadmath]
    arg [-lm] ==> lib [m]
    arg [-lgcc_s] ==> lib [gcc_s]
    arg [-lgcc] ==> lib [gcc]
    arg [-lc] ==> lib [c]
    arg [-lgcc_s] ==> lib [gcc_s]
    arg [-lgcc] ==> lib [gcc]
    arg [/usr/lib/gcc/x86_64-linux-gnu/7/crtendS.o] ==> ignore
    arg [/usr/lib/gcc/x86_64-linux-gnu/7/../../../x86_64-linux-gnu/crtn.o] ==> ignore
  collapse library dir [/usr/lib/gcc/x86_64-linux-gnu/7] ==> [/usr/lib/gcc/x86_64-linux-gnu/7]
  collapse library dir [/usr/lib/gcc/x86_64-linux-gnu/7/../../../x86_64-linux-gnu] ==> [/usr/lib/x86_64-linux-gnu]
  collapse library dir [/usr/lib/gcc/x86_64-linux-gnu/7/../../../../lib] ==> [/usr/lib]
  collapse library dir [/lib/x86_64-linux-gnu] ==> [/lib/x86_64-linux-gnu]
  collapse library dir [/lib/../lib] ==> [/lib]
  collapse library dir [/usr/lib/x86_64-linux-gnu] ==> [/usr/lib/x86_64-linux-gnu]
  collapse library dir [/usr/lib/../lib] ==> [/usr/lib]
  collapse library dir [/usr/lib/gcc/x86_64-linux-gnu/7/../../..] ==> [/usr/lib]
  implicit libs: [gfortran;m;gcc_s;gcc;quadmath;m;gcc_s;gcc;c;gcc_s;gcc]
  implicit dirs: [/usr/lib/gcc/x86_64-linux-gnu/7;/usr/lib/x86_64-linux-gnu;/usr/lib;/lib/x86_64-linux-gnu;/lib]
  implicit fwks: []


Determining if the Fortran compiler supports Fortran 90 passed with the following output:
Change Dir: /home/sehyun/GEMS_python/install/custom_builds/eccodes/build/CMakeFiles/CMakeTmp

Run Build Command:"/usr/bin/make" "cmTC_d31c5/fast"
/usr/bin/make -f CMakeFiles/cmTC_d31c5.dir/build.make CMakeFiles/cmTC_d31c5.dir/build
make[1]: Entering directory '/home/sehyun/GEMS_python/install/custom_builds/eccodes/build/CMakeFiles/CMakeTmp'
Building Fortran object CMakeFiles/cmTC_d31c5.dir/testFortranCompilerF90.f90.o
/usr/bin/gfortran   -fPIE   -c /home/sehyun/GEMS_python/install/custom_builds/eccodes/build/CMakeFiles/CMakeTmp/testFortranCompilerF90.f90 -o CMakeFiles/cmTC_d31c5.dir/testFortranCompilerF90.f90.o
Linking Fortran executable cmTC_d31c5
/usr/bin/cmake -E cmake_link_script CMakeFiles/cmTC_d31c5.dir/link.txt --verbose=1
/usr/bin/gfortran      -Wl,--disable-new-dtags    CMakeFiles/cmTC_d31c5.dir/testFortranCompilerF90.f90.o  -o cmTC_d31c5 
make[1]: Leaving directory '/home/sehyun/GEMS_python/install/custom_builds/eccodes/build/CMakeFiles/CMakeTmp'


Determining if the include file pthread.h exists passed with the following output:
Change Dir: /home/sehyun/GEMS_python/install/custom_builds/eccodes/build/CMakeFiles/CMakeTmp

Run Build Command:"/usr/bin/make" "cmTC_31ade/fast"
/usr/bin/make -f CMakeFiles/cmTC_31ade.dir/build.make CMakeFiles/cmTC_31ade.dir/build
make[1]: Entering directory '/home/sehyun/GEMS_python/install/custom_builds/eccodes/build/CMakeFiles/CMakeTmp'
Building C object CMakeFiles/cmTC_31ade.dir/CheckIncludeFile.c.o
/usr/bin/cc   -pipe  -fPIE   -o CMakeFiles/cmTC_31ade.dir/CheckIncludeFile.c.o   -c /home/sehyun/GEMS_python/install/custom_builds/eccodes/build/CMakeFiles/CMakeTmp/CheckIncludeFile.c
Linking C executable cmTC_31ade
/usr/bin/cmake -E cmake_link_script CMakeFiles/cmTC_31ade.dir/link.txt --verbose=1
/usr/bin/cc  -pipe       -Wl,--disable-new-dtags  CMakeFiles/cmTC_31ade.dir/CheckIncludeFile.c.o  -o cmTC_31ade 
make[1]: Leaving directory '/home/sehyun/GEMS_python/install/custom_builds/eccodes/build/CMakeFiles/CMakeTmp'


Determining if the function pthread_create exists in the pthread passed with the following output:
Change Dir: /home/sehyun/GEMS_python/install/custom_builds/eccodes/build/CMakeFiles/CMakeTmp

Run Build Command:"/usr/bin/make" "cmTC_74927/fast"
/usr/bin/make -f CMakeFiles/cmTC_74927.dir/build.make CMakeFiles/cmTC_74927.dir/build
make[1]: Entering directory '/home/sehyun/GEMS_python/install/custom_builds/eccodes/build/CMakeFiles/CMakeTmp'
Building C object CMakeFiles/cmTC_74927.dir/CheckFunctionExists.c.o
/usr/bin/cc   -pipe -DCHECK_FUNCTION_EXISTS=pthread_create -fPIE   -o CMakeFiles/cmTC_74927.dir/CheckFunctionExists.c.o   -c /usr/share/cmake-3.10/Modules/CheckFunctionExists.c
Linking C executable cmTC_74927
/usr/bin/cmake -E cmake_link_script CMakeFiles/cmTC_74927.dir/link.txt --verbose=1
/usr/bin/cc  -pipe -DCHECK_FUNCTION_EXISTS=pthread_create      -Wl,--disable-new-dtags  CMakeFiles/cmTC_74927.dir/CheckFunctionExists.c.o  -o cmTC_74927 -lpthread 
make[1]: Leaving directory '/home/sehyun/GEMS_python/install/custom_builds/eccodes/build/CMakeFiles/CMakeTmp'


Performing C SOURCE FILE Test C_FLAG_TEST_2 succeeded with the following output:
Change Dir: /home/sehyun/GEMS_python/install/custom_builds/eccodes/build/CMakeFiles/CMakeTmp

Run Build Command:"/usr/bin/make" "cmTC_7b147/fast"
/usr/bin/make -f CMakeFiles/cmTC_7b147.dir/build.make CMakeFiles/cmTC_7b147.dir/build
make[1]: Entering directory '/home/sehyun/GEMS_python/install/custom_builds/eccodes/build/CMakeFiles/CMakeTmp'
Building C object CMakeFiles/cmTC_7b147.dir/src.c.o
/usr/bin/cc   -pipe -DC_FLAG_TEST_2 -fPIE   -pedantic -o CMakeFiles/cmTC_7b147.dir/src.c.o   -c /home/sehyun/GEMS_python/install/custom_builds/eccodes/build/CMakeFiles/CMakeTmp/src.c
Linking C executable cmTC_7b147
/usr/bin/cmake -E cmake_link_script CMakeFiles/cmTC_7b147.dir/link.txt --verbose=1
/usr/bin/cc  -pipe -DC_FLAG_TEST_2      -Wl,--disable-new-dtags  CMakeFiles/cmTC_7b147.dir/src.c.o  -o cmTC_7b147 
make[1]: Leaving directory '/home/sehyun/GEMS_python/install/custom_builds/eccodes/build/CMakeFiles/CMakeTmp'

Source file was:
int main(void) { return 0; }
